<?xml version="1.0" encoding="UTF-8"?>
<!-- Generated by org.testng.reporters.JUnitXMLReporter -->
<testsuite ignored="2" hostname="DESKTOP-28161K9" failures="2" tests="2" name="Complte sCheckout" time="10.321" errors="0" timestamp="2023-05-21T23:37:56 IST">
  <testcase classname="frontEndTest.loginTest" name="login2" time="0.017">
    <failure type="java.lang.IllegalArgumentException" message="Test name must not be null or empty">
      <![CDATA[java.lang.IllegalArgumentException: Test name must not be null or empty
at com.aventstack.extentreports.util.Assert.notEmpty(Assert.java:12)
at com.aventstack.extentreports.ExtentTest.<init>(ExtentTest.java:96)
at com.aventstack.extentreports.ExtentTest.<init>(ExtentTest.java:117)
at com.aventstack.extentreports.ExtentReports.createTest(ExtentReports.java:231)
at com.aventstack.extentreports.ExtentReports.createTest(ExtentReports.java:245)
at FrontendTestComponent.listener.onTestStart(listener.java:21)
at java.base/java.util.ArrayList.forEach(ArrayList.java:1511)
... Removed 24 stack frames]]>
    </failure>
  </testcase> <!-- login2 -->
  <testcase classname="frontEndTest.loginTest" name="login2" time="0.066">
    <failure type="java.lang.NullPointerException" message="Cannot invoke &amp;quot;com.aventstack.extentreports.ExtentTest.fail(java.lang.Throwable)&amp;quot; because &amp;quot;FrontendTestComponent.listener.test&amp;quot; is null">
      <![CDATA[java.lang.NullPointerException: Cannot invoke "com.aventstack.extentreports.ExtentTest.fail(java.lang.Throwable)" because "FrontendTestComponent.listener.test" is null
at FrontendTestComponent.listener.onTestFailure(listener.java:33)
at java.base/java.util.ArrayList.forEach(ArrayList.java:1511)
... Removed 24 stack frames]]>
    </failure>
  </testcase> <!-- login2 -->
  <testcase classname="common.Base" name="@BeforeTest getWebsite" time="0.0">
    <ignored/>
  </testcase> <!-- @BeforeTest getWebsite -->
  <testcase classname="common.Base" name="@AfterTest closeBrowser" time="0.0">
    <ignored/>
  </testcase> <!-- @AfterTest closeBrowser -->
</testsuite> <!-- Complte sCheckout -->
